<?xml version="1.0" encoding="UTF-8"?>
<!-- Generated by org.testng.reporters.JUnitXMLReporter -->
<testsuite hostname="QAPLANET3-PC" ignored="0" name="Test" tests="4" failures="1" timestamp="20 Dec 2019 04:09:24 GMT" time="68.176" errors="0">
  <testcase name="HRM" time="12.917" classname="orange.hrm"/>
  <testcase name="HRM" time="33.556" classname="orange.Tc2addemployee"/>
  <testcase name="HRM" time="0.0" classname="orange.Tc3editemployee">
    <failure type="org.testng.TestNGException" message="
Cannot inject @Test annotated Method [HRM] with [class [Ljava.lang.String;].
For more information on native dependency injection please refer to http://testng.org/doc/documentation-main.html#native-dependency-injection">
      <![CDATA[org.testng.TestNGException: 
Cannot inject @Test annotated Method [HRM] with [class [Ljava.lang.String;].
For more information on native dependency injection please refer to http://testng.org/doc/documentation-main.html#native-dependency-injection
... Removed 24 stack frames]]>
    </failure>
  </testcase> <!-- HRM -->
  <testcase name="HRM" time="21.656" classname="orange.Tc4delemployee"/>
</testsuite> <!-- Test -->
